<?xml version="1.0" encoding="UTF-8"?>
<coverage generated="1590898384877" clover="3.2.0">
  <project timestamp="1590898384877" name="All files">
    <metrics statements="23" coveredstatements="19" conditionals="5" coveredconditionals="2" methods="4" coveredmethods="4" elements="32" coveredelements="25" complexity="0" loc="23" ncloc="23" packages="2" files="2" classes="2"/>
    <package name="itsMeApps">
      <metrics statements="1" coveredstatements="1" conditionals="0" coveredconditionals="0" methods="0" coveredmethods="0"/>
      <file name="env.js" path="/Users/erick/my-work/react-native/itsMeApps/env.js">
        <metrics statements="1" coveredstatements="1" conditionals="0" coveredconditionals="0" methods="0" coveredmethods="0"/>
        <line num="1" count="1" type="stmt"/>
      </file>
    </package>
    <package name="itsMeApps.src.service">
      <metrics statements="22" coveredstatements="18" conditionals="5" coveredconditionals="2" methods="4" coveredmethods="4"/>
      <file name="api.js" path="/Users/erick/my-work/react-native/itsMeApps/src/service/api.js">
        <metrics statements="22" coveredstatements="18" conditionals="5" coveredconditionals="2" methods="4" coveredmethods="4"/>
        <line num="4" count="1" type="stmt"/>
        <line num="8" count="1" type="stmt"/>
        <line num="10" count="1" type="stmt"/>
        <line num="11" count="1" type="cond" truecount="1" falsecount="2"/>
        <line num="13" count="1" type="stmt"/>
        <line num="20" count="0" type="stmt"/>
        <line num="27" count="0" type="stmt"/>
        <line num="34" count="1" type="stmt"/>
        <line num="41" count="1" type="stmt"/>
        <line num="42" count="1" type="stmt"/>
        <line num="46" count="1" type="stmt"/>
        <line num="47" count="1" type="stmt"/>
        <line num="48" count="1" type="stmt"/>
        <line num="49" count="1" type="cond" truecount="1" falsecount="1"/>
        <line num="50" count="1" type="stmt"/>
        <line num="52" count="0" type="stmt"/>
        <line num="57" count="0" type="stmt"/>
        <line num="61" count="1" type="stmt"/>
        <line num="62" count="1" type="stmt"/>
        <line num="63" count="1" type="stmt"/>
        <line num="64" count="1" type="stmt"/>
        <line num="65" count="1" type="stmt"/>
      </file>
    </package>
  </project>
</coverage>
