{"/Users/erick/my-work/react-native/itsMeApps/env.js": {"path":"/Users/erick/my-work/react-native/itsMeApps/env.js","statementMap":{"0":{"start":{"line":1,"column":19},"end":{"line":3,"column":1}}},"fnMap":{},"branchMap":{},"s":{"0":1},"f":{},"b":{},"_coverageSchema":"43e27e138ebf9cfc5966b082cf9a028302ed4184","hash":"189f4c23285959ee468c5b5d28622cb054865a78"}
,"/Users/erick/my-work/react-native/itsMeApps/src/service/api.js": {"path":"/Users/erick/my-work/react-native/itsMeApps/src/service/api.js","statementMap":{"0":{"start":{"line":4,"column":15},"end":{"line":6,"column":1}},"1":{"start":{"line":8,"column":13},"end":{"line":8,"column":21}},"2":{"start":{"line":10,"column":19},"end":{"line":29,"column":1}},"3":{"start":{"line":11,"column":4},"end":{"line":28,"column":5}},"4":{"start":{"line":13,"column":12},"end":{"line":18,"column":13}},"5":{"start":{"line":20,"column":12},"end":{"line":25,"column":13}},"6":{"start":{"line":27,"column":12},"end":{"line":27,"column":39}},"7":{"start":{"line":34,"column":20},"end":{"line":39,"column":5}},"8":{"start":{"line":41,"column":16},"end":{"line":41,"column":36}},"9":{"start":{"line":42,"column":4},"end":{"line":42,"column":20}},"10":{"start":{"line":46,"column":4},"end":{"line":58,"column":5}},"11":{"start":{"line":47,"column":24},"end":{"line":47,"column":81}},"12":{"start":{"line":48,"column":20},"end":{"line":48,"column":52}},"13":{"start":{"line":49,"column":8},"end":{"line":55,"column":9}},"14":{"start":{"line":50,"column":12},"end":{"line":50,"column":38}},"15":{"start":{"line":52,"column":12},"end":{"line":54,"column":14}},"16":{"start":{"line":57,"column":8},"end":{"line":57,"column":28}},"17":{"start":{"line":61,"column":25},"end":{"line":66,"column":1}},"18":{"start":{"line":62,"column":20},"end":{"line":62,"column":48}},"19":{"start":{"line":63,"column":26},"end":{"line":63,"column":48}},"20":{"start":{"line":64,"column":21},"end":{"line":64,"column":45}},"21":{"start":{"line":65,"column":4},"end":{"line":65,"column":19}}},"fnMap":{"0":{"name":"(anonymous_0)","decl":{"start":{"line":10,"column":19},"end":{"line":10,"column":20}},"loc":{"start":{"line":10,"column":41},"end":{"line":29,"column":1}},"line":10},"1":{"name":"request","decl":{"start":{"line":31,"column":15},"end":{"line":31,"column":22}},"loc":{"start":{"line":33,"column":3},"end":{"line":43,"column":1}},"line":33},"2":{"name":"parseData","decl":{"start":{"line":45,"column":9},"end":{"line":45,"column":18}},"loc":{"start":{"line":45,"column":25},"end":{"line":59,"column":1}},"line":45},"3":{"name":"(anonymous_3)","decl":{"start":{"line":61,"column":25},"end":{"line":61,"column":26}},"loc":{"start":{"line":61,"column":47},"end":{"line":66,"column":1}},"line":61}},"branchMap":{"0":{"loc":{"start":{"line":11,"column":4},"end":{"line":28,"column":5}},"type":"switch","locations":[{"start":{"line":12,"column":8},"end":{"line":18,"column":13}},{"start":{"line":19,"column":8},"end":{"line":25,"column":13}},{"start":{"line":26,"column":8},"end":{"line":27,"column":39}}],"line":11},"1":{"loc":{"start":{"line":49,"column":8},"end":{"line":55,"column":9}},"type":"if","locations":[{"start":{"line":49,"column":8},"end":{"line":55,"column":9}},{"start":{"line":49,"column":8},"end":{"line":55,"column":9}}],"line":49}},"s":{"0":1,"1":1,"2":1,"3":1,"4":1,"5":0,"6":0,"7":1,"8":1,"9":1,"10":1,"11":1,"12":1,"13":1,"14":1,"15":0,"16":0,"17":1,"18":1,"19":1,"20":1,"21":1},"f":{"0":1,"1":1,"2":1,"3":1},"b":{"0":[1,0,0],"1":[1,0]},"_coverageSchema":"43e27e138ebf9cfc5966b082cf9a028302ed4184","hash":"98546e7c139a81ea5dde1ae3f0c65bc523e0d9de"}
}
