TN:
SF:/Users/erick/my-work/react-native/itsMeApps/env.js
FNF:0
FNH:0
DA:1,1
LF:1
LH:1
BRF:0
BRH:0
end_of_record
TN:
SF:/Users/erick/my-work/react-native/itsMeApps/src/service/api.js
FN:10,(anonymous_0)
FN:31,request
FN:45,parseData
FN:61,(anonymous_3)
FNF:4
FNH:4
FNDA:1,(anonymous_0)
FNDA:1,request
FNDA:1,parseData
FNDA:1,(anonymous_3)
DA:4,1
DA:8,1
DA:10,1
DA:11,1
DA:13,1
DA:20,0
DA:27,0
DA:34,1
DA:41,1
DA:42,1
DA:46,1
DA:47,1
DA:48,1
DA:49,1
DA:50,1
DA:52,0
DA:57,0
DA:61,1
DA:62,1
DA:63,1
DA:64,1
DA:65,1
LF:22
LH:18
BRDA:11,0,0,1
BRDA:11,0,1,0
BRDA:11,0,2,0
BRDA:49,1,0,1
BRDA:49,1,1,0
BRF:5
BRH:2
end_of_record
